<?xml version="1.0" encoding="UTF-8"?>
<testsuites>
  <testsuite name="D:\Herd\simaftunsur\phpunit.xml" tests="159" assertions="663" errors="0" failures="0" skipped="0" time="19.187984">
    <testsuite name="Unit" tests="12" assertions="70" errors="0" failures="0" skipped="0" time="0.816273">
      <testsuite name="Tests\Unit\ExampleTest" file="Example (Tests\Unit\Example)" tests="1" assertions="1" errors="0" failures="0" skipped="0" time="0.005805">
        <testcase name="That true is true" file="Example (Tests\Unit\Example)::That true is true" class="Tests\Unit\ExampleTest" classname="Tests.Unit.ExampleTest" assertions="1" time="0.005805"/>
      </testsuite>
      <testsuite name="Tests\Unit\FiturAkademikTest" file="tests\Unit\FiturAkademikTest.php" tests="2" assertions="38" errors="0" failures="0" skipped="0" time="0.564781">
        <testcase name="it U-01: fitur akademik (IPK rata, terakhir, tren, konsistensi) M1–M9 sesuai data emas" file="tests\Unit\FiturAkademikTest.php::it U-01: fitur akademik (IPK rata, terakhir, tren, konsistensi) M1–M9 sesuai data emas" class="Tests\Unit\FiturAkademikTest" classname="Tests.Unit.FiturAkademikTest" assertions="36" time="0.544770"/>
        <testcase name="it U-01: konsistensi adalah standar deviasi populasi (kecil = stabil)" file="tests\Unit\FiturAkademikTest.php::it U-01: konsistensi adalah standar deviasi populasi (kecil = stabil)" class="Tests\Unit\FiturAkademikTest" classname="Tests.Unit.FiturAkademikTest" assertions="2" time="0.020011"/>
      </testsuite>
      <testsuite name="Tests\Unit\GuardDataMinimumTest" file="tests\Unit\GuardDataMinimumTest.php" tests="3" assertions="8" errors="0" failures="0" skipped="0" time="0.088835">
        <testcase name="it U-05: mahasiswa dengan &lt; 3 catatan IPK DIKECUALIKAN dari kohort (batas 2/3)" file="tests\Unit\GuardDataMinimumTest.php::it U-05: mahasiswa dengan &lt; 3 catatan IPK DIKECUALIKAN dari kohort (batas 2/3)" class="Tests\Unit\GuardDataMinimumTest" classname="Tests.Unit.GuardDataMinimumTest" assertions="2" time="0.041009"/>
        <testcase name="it U-05: klasterisasi DITOLAK bila mahasiswa layak &lt; 3 (hard block)" file="tests\Unit\GuardDataMinimumTest.php::it U-05: klasterisasi DITOLAK bila mahasiswa layak &lt; 3 (hard block)" class="Tests\Unit\GuardDataMinimumTest" classname="Tests.Unit.GuardDataMinimumTest" assertions="1" time="0.026929"/>
        <testcase name="it U-05: volume &lt; 100 TIDAK memblokir — hanya ditandai belum ideal (peringatan)" file="tests\Unit\GuardDataMinimumTest.php::it U-05: volume &lt; 100 TIDAK memblokir — hanya ditandai belum ideal (peringatan)" class="Tests\Unit\GuardDataMinimumTest" classname="Tests.Unit.GuardDataMinimumTest" assertions="5" time="0.020897"/>
      </testsuite>
      <testsuite name="Tests\Unit\RubrikSkkmTest" file="tests\Unit\RubrikSkkmTest.php" tests="6" assertions="23" errors="0" failures="0" skipped="0" time="0.156853">
        <testcase name="it U-04: poin prestasi (F5) sesuai rubrik Tabel 5 (tingkat × capaian)" file="tests\Unit\RubrikSkkmTest.php::it U-04: poin prestasi (F5) sesuai rubrik Tabel 5 (tingkat × capaian)" class="Tests\Unit\RubrikSkkmTest" classname="Tests.Unit.RubrikSkkmTest" assertions="7" time="0.030796"/>
        <testcase name="it U-04: poin kegiatan (F6) sesuai rubrik Tabel 6 (jenis × peran)" file="tests\Unit\RubrikSkkmTest.php::it U-04: poin kegiatan (F6) sesuai rubrik Tabel 6 (jenis × peran)" class="Tests\Unit\RubrikSkkmTest" classname="Tests.Unit.RubrikSkkmTest" assertions="7" time="0.029496"/>
        <testcase name="it U-04: poin pengabdian (F7) sesuai rubrik Tabel 7 (jenis × peran)" file="tests\Unit\RubrikSkkmTest.php::it U-04: poin pengabdian (F7) sesuai rubrik Tabel 7 (jenis × peran)" class="Tests\Unit\RubrikSkkmTest" classname="Tests.Unit.RubrikSkkmTest" assertions="6" time="0.034766"/>
        <testcase name="it U-04: plafon akumulasi — maksimal 3 item poin tertinggi per grup per tahun" file="tests\Unit\RubrikSkkmTest.php::it U-04: plafon akumulasi — maksimal 3 item poin tertinggi per grup per tahun" class="Tests\Unit\RubrikSkkmTest" classname="Tests.Unit.RubrikSkkmTest" assertions="1" time="0.021136"/>
        <testcase name="it U-04: plafon dihitung terpisah per tahun kalender &amp; per grup" file="tests\Unit\RubrikSkkmTest.php::it U-04: plafon dihitung terpisah per tahun kalender &amp; per grup" class="Tests\Unit\RubrikSkkmTest" classname="Tests.Unit.RubrikSkkmTest" assertions="1" time="0.017896"/>
        <testcase name="it U-04: capaian kosong tidak berpoin" file="tests\Unit\RubrikSkkmTest.php::it U-04: capaian kosong tidak berpoin" class="Tests\Unit\RubrikSkkmTest" classname="Tests.Unit.RubrikSkkmTest" assertions="1" time="0.022763"/>
      </testsuite>
    </testsuite>
    <testsuite name="Feature" tests="142" assertions="581" errors="0" failures="0" skipped="0" time="17.889791">
      <testsuite name="Tests\Feature\Auth\AuthenticationTest" file="Authentication (Tests\Feature\Auth\Authentication)" tests="4" assertions="13" errors="0" failures="0" skipped="0" time="0.356627">
        <testcase name="Halaman login dapat dirender" file="Authentication (Tests\Feature\Auth\Authentication)::Halaman login dapat dirender" class="Tests\Feature\Auth\AuthenticationTest" classname="Tests.Feature.Auth.AuthenticationTest" assertions="1" time="0.054629"/>
        <testcase name="Pengguna dapat masuk dengan nip dan kata sandi" file="Authentication (Tests\Feature\Auth\Authentication)::Pengguna dapat masuk dengan nip dan kata sandi" class="Tests\Feature\Auth\AuthenticationTest" classname="Tests.Feature.Auth.AuthenticationTest" assertions="6" time="0.033105"/>
        <testcase name="Pengguna tidak dapat masuk dengan kata sandi salah" file="Authentication (Tests\Feature\Auth\Authentication)::Pengguna tidak dapat masuk dengan kata sandi salah" class="Tests\Feature\Auth\AuthenticationTest" classname="Tests.Feature.Auth.AuthenticationTest" assertions="3" time="0.234817"/>
        <testcase name="Pengguna dapat keluar" file="Authentication (Tests\Feature\Auth\Authentication)::Pengguna dapat keluar" class="Tests\Feature\Auth\AuthenticationTest" classname="Tests.Feature.Auth.AuthenticationTest" assertions="3" time="0.034076"/>
      </testsuite>
      <testsuite name="Tests\Feature\Auth\ResetPasswordTest" file="tests\Feature\Auth\ResetPasswordTest.php" tests="3" assertions="6" errors="0" failures="0" skipped="0" time="0.312736">
        <testcase name="it menampilkan halaman lupa kata sandi" file="tests\Feature\Auth\ResetPasswordTest.php::it menampilkan halaman lupa kata sandi" class="Tests\Feature\Auth\ResetPasswordTest" classname="Tests.Feature.Auth.ResetPasswordTest" assertions="2" time="0.027046"/>
        <testcase name="it mengirim tautan reset ke email terdaftar" file="tests\Feature\Auth\ResetPasswordTest.php::it mengirim tautan reset ke email terdaftar" class="Tests\Feature\Auth\ResetPasswordTest" classname="Tests.Feature.Auth.ResetPasswordTest" assertions="2" time="0.249982"/>
        <testcase name="it mereset kata sandi memakai token &amp; memperbarui kolom kata_sandi" file="tests\Feature\Auth\ResetPasswordTest.php::it mereset kata sandi memakai token &amp; memperbarui kolom kata_sandi" class="Tests\Feature\Auth\ResetPasswordTest" classname="Tests.Feature.Auth.ResetPasswordTest" assertions="2" time="0.035707"/>
      </testsuite>
      <testsuite name="Tests\Feature\Beranda\BerandaTest" file="tests\Feature\Beranda\BerandaTest.php" tests="3" assertions="7" errors="0" failures="0" skipped="0" time="0.094956">
        <testcase name="it beranda tampil untuk pengguna terautentikasi" file="tests\Feature\Beranda\BerandaTest.php::it beranda tampil untuk pengguna terautentikasi" class="Tests\Feature\Beranda\BerandaTest" classname="Tests.Feature.Beranda.BerandaTest" assertions="2" time="0.040311"/>
        <testcase name="it menampilkan ringkasan klaster bagi yang berizin saat ada eksekusi" file="tests\Feature\Beranda\BerandaTest.php::it menampilkan ringkasan klaster bagi yang berizin saat ada eksekusi" class="Tests\Feature\Beranda\BerandaTest" classname="Tests.Feature.Beranda.BerandaTest" assertions="3" time="0.029842"/>
        <testcase name="it menyembunyikan kartu klaster bagi peran tanpa izin klasterisasi.lihat" file="tests\Feature\Beranda\BerandaTest.php::it menyembunyikan kartu klaster bagi peran tanpa izin klasterisasi.lihat" class="Tests\Feature\Beranda\BerandaTest" classname="Tests.Feature.Beranda.BerandaTest" assertions="2" time="0.024804"/>
      </testsuite>
      <testsuite name="Tests\Feature\Database\SeederTest" file="tests\Feature\Database\SeederTest.php" tests="5" assertions="141" errors="0" failures="0" skipped="0" time="0.721270">
        <testcase name="it mengisi 4 prodi &amp; 30 mahasiswa aktif dengan 3–6 catatan IPK per mahasiswa" file="tests\Feature\Database\SeederTest.php::it mengisi 4 prodi &amp; 30 mahasiswa aktif dengan 3–6 catatan IPK per mahasiswa" class="Tests\Feature\Database\SeederTest" classname="Tests.Feature.Database.SeederTest" assertions="126" time="0.162165"/>
        <testcase name="it mengisi data contoh modul pendukung (alumni, prestasi, tracer, promosi)" file="tests\Feature\Database\SeederTest.php::it mengisi data contoh modul pendukung (alumni, prestasi, tracer, promosi)" class="Tests\Feature\Database\SeederTest" classname="Tests.Feature.Database.SeederTest" assertions="4" time="0.148048"/>
        <testcase name="it memastikan tiap prodi terisi minimal 5 mahasiswa" file="tests\Feature\Database\SeederTest.php::it memastikan tiap prodi terisi minimal 5 mahasiswa" class="Tests\Feature\Database\SeederTest" classname="Tests.Feature.Database.SeederTest" assertions="9" time="0.147026"/>
        <testcase name="it menghitung rata-rata IPK konsisten dengan data tersimpan" file="tests\Feature\Database\SeederTest.php::it menghitung rata-rata IPK konsisten dengan data tersimpan" class="Tests\Feature\Database\SeederTest" classname="Tests.Feature.Database.SeederTest" assertions="1" time="0.132784"/>
        <testcase name="it mengurutkan relasi nilai IPK berdasarkan semester naik" file="tests\Feature\Database\SeederTest.php::it mengurutkan relasi nilai IPK berdasarkan semester naik" class="Tests\Feature\Database\SeederTest" classname="Tests.Feature.Database.SeederTest" assertions="1" time="0.131246"/>
      </testsuite>
      <testsuite name="Tests\Feature\ExampleTest" file="Example (Tests\Feature\Example)" tests="1" assertions="2" errors="0" failures="0" skipped="0" time="0.022461">
        <testcase name="Root mengarah ke login saat tamu" file="Example (Tests\Feature\Example)::Root mengarah ke login saat tamu" class="Tests\Feature\ExampleTest" classname="Tests.Feature.ExampleTest" assertions="2" time="0.022461"/>
      </testsuite>
      <testsuite name="Tests\Feature\Imports\IpkImportTest" file="tests\Feature\Imports\IpkImportTest.php" tests="6" assertions="20" errors="0" failures="0" skipped="0" time="0.242905">
        <testcase name="it mengimpor IPK satu mahasiswa dari CSV valid" file="tests\Feature\Imports\IpkImportTest.php::it mengimpor IPK satu mahasiswa dari CSV valid" class="Tests\Feature\Imports\IpkImportTest" classname="Tests.Feature.Imports.IpkImportTest" assertions="4" time="0.071557"/>
        <testcase name="it menimpa IPK yang sudah ada (upsert by mahasiswa+semester)" file="tests\Feature\Imports\IpkImportTest.php::it menimpa IPK yang sudah ada (upsert by mahasiswa+semester)" class="Tests\Feature\Imports\IpkImportTest" classname="Tests.Feature.Imports.IpkImportTest" assertions="4" time="0.036419"/>
        <testcase name="it melaporkan baris invalid tanpa menghentikan baris valid" file="tests\Feature\Imports\IpkImportTest.php::it melaporkan baris invalid tanpa menghentikan baris valid" class="Tests\Feature\Imports\IpkImportTest" classname="Tests.Feature.Imports.IpkImportTest" assertions="3" time="0.037087"/>
        <testcase name="it mengimpor IPK massal dengan kolom NPM" file="tests\Feature\Imports\IpkImportTest.php::it mengimpor IPK massal dengan kolom NPM" class="Tests\Feature\Imports\IpkImportTest" classname="Tests.Feature.Imports.IpkImportTest" assertions="4" time="0.034464"/>
        <testcase name="it melaporkan NPM yang tidak terdaftar" file="tests\Feature\Imports\IpkImportTest.php::it melaporkan NPM yang tidak terdaftar" class="Tests\Feature\Imports\IpkImportTest" classname="Tests.Feature.Imports.IpkImportTest" assertions="3" time="0.031595"/>
        <testcase name="it upsert massal: NPM+semester sama menimpa data lama" file="tests\Feature\Imports\IpkImportTest.php::it upsert massal: NPM+semester sama menimpa data lama" class="Tests\Feature\Imports\IpkImportTest" classname="Tests.Feature.Imports.IpkImportTest" assertions="2" time="0.031783"/>
      </testsuite>
      <testsuite name="Tests\Feature\Imports\MahasiswaImportTest" file="tests\Feature\Imports\MahasiswaImportTest.php" tests="3" assertions="13" errors="0" failures="0" skipped="0" time="0.101256">
        <testcase name="it mengimpor mahasiswa baru, memetakan prodi, dan menormalkan jenis kelamin/status" file="tests\Feature\Imports\MahasiswaImportTest.php::it mengimpor mahasiswa baru, memetakan prodi, dan menormalkan jenis kelamin/status" class="Tests\Feature\Imports\MahasiswaImportTest" classname="Tests.Feature.Imports.MahasiswaImportTest" assertions="7" time="0.033638"/>
        <testcase name="it melaporkan baris dengan kode prodi tidak terdaftar atau NPM invalid" file="tests\Feature\Imports\MahasiswaImportTest.php::it melaporkan baris dengan kode prodi tidak terdaftar atau NPM invalid" class="Tests\Feature\Imports\MahasiswaImportTest" classname="Tests.Feature.Imports.MahasiswaImportTest" assertions="2" time="0.029986"/>
        <testcase name="it memperbarui mahasiswa yang NPM-nya sudah ada (upsert)" file="tests\Feature\Imports\MahasiswaImportTest.php::it memperbarui mahasiswa yang NPM-nya sudah ada (upsert)" class="Tests\Feature\Imports\MahasiswaImportTest" classname="Tests.Feature.Imports.MahasiswaImportTest" assertions="4" time="0.037631"/>
      </testsuite>
      <testsuite name="Tests\Feature\Imports\PenggunaImportTest" file="tests\Feature\Imports\PenggunaImportTest.php" tests="3" assertions="13" errors="0" failures="0" skipped="0" time="0.291833">
        <testcase name="it mengimpor pengguna baru; kata sandi default bila kosong" file="tests\Feature\Imports\PenggunaImportTest.php::it mengimpor pengguna baru; kata sandi default bila kosong" class="Tests\Feature\Imports\PenggunaImportTest" classname="Tests.Feature.Imports.PenggunaImportTest" assertions="6" time="0.116125"/>
        <testcase name="it melaporkan baris dengan peran tidak valid" file="tests\Feature\Imports\PenggunaImportTest.php::it melaporkan baris dengan peran tidak valid" class="Tests\Feature\Imports\PenggunaImportTest" classname="Tests.Feature.Imports.PenggunaImportTest" assertions="2" time="0.069870"/>
        <testcase name="it memperbarui pengguna yang NIP-nya sudah ada tanpa mengubah sandi" file="tests\Feature\Imports\PenggunaImportTest.php::it memperbarui pengguna yang NIP-nya sudah ada tanpa mengubah sandi" class="Tests\Feature\Imports\PenggunaImportTest" classname="Tests.Feature.Imports.PenggunaImportTest" assertions="5" time="0.105838"/>
      </testsuite>
      <testsuite name="Tests\Feature\Klasterisasi\KategoriKlasterTest" file="tests\Feature\Klasterisasi\KategoriKlasterTest.php" tests="7" assertions="26" errors="0" failures="0" skipped="0" time="4.346908">
        <testcase name="it menolak akses tanpa izin kategori-klaster.lihat" file="tests\Feature\Klasterisasi\KategoriKlasterTest.php::it menolak akses tanpa izin kategori-klaster.lihat" class="Tests\Feature\Klasterisasi\KategoriKlasterTest" classname="Tests.Feature.Klasterisasi.KategoriKlasterTest" assertions="1" time="3.624266"/>
        <testcase name="it menampilkan tombol kelola hanya bagi yang berizin" file="tests\Feature\Klasterisasi\KategoriKlasterTest.php::it menampilkan tombol kelola hanya bagi yang berizin" class="Tests\Feature\Klasterisasi\KategoriKlasterTest" classname="Tests.Feature.Klasterisasi.KategoriKlasterTest" assertions="2" time="0.105356"/>
        <testcase name="it menambahkan kategori klaster lewat modal" file="tests\Feature\Klasterisasi\KategoriKlasterTest.php::it menambahkan kategori klaster lewat modal" class="Tests\Feature\Klasterisasi\KategoriKlasterTest" classname="Tests.Feature.Klasterisasi.KategoriKlasterTest" assertions="7" time="0.187314"/>
        <testcase name="it memvalidasi nama wajib &amp; unik" file="tests\Feature\Klasterisasi\KategoriKlasterTest.php::it memvalidasi nama wajib &amp; unik" class="Tests\Feature\Klasterisasi\KategoriKlasterTest" classname="Tests.Feature.Klasterisasi.KategoriKlasterTest" assertions="6" time="0.154619"/>
        <testcase name="it mengubah dan menghapus kategori klaster" file="tests\Feature\Klasterisasi\KategoriKlasterTest.php::it mengubah dan menghapus kategori klaster" class="Tests\Feature\Klasterisasi\KategoriKlasterTest" classname="Tests.Feature.Klasterisasi.KategoriKlasterTest" assertions="5" time="0.131408"/>
        <testcase name="it kategori baru disisipkan sebagai level tengah, anchor terbawah tetap terakhir" file="tests\Feature\Klasterisasi\KategoriKlasterTest.php::it kategori baru disisipkan sebagai level tengah, anchor terbawah tetap terakhir" class="Tests\Feature\Klasterisasi\KategoriKlasterTest" classname="Tests.Feature.Klasterisasi.KategoriKlasterTest" assertions="4" time="0.091940"/>
        <testcase name="it katalogAktif mengembalikan nama terurut peringkat" file="tests\Feature\Klasterisasi\KategoriKlasterTest.php::it katalogAktif mengembalikan nama terurut peringkat" class="Tests\Feature\Klasterisasi\KategoriKlasterTest" classname="Tests.Feature.Klasterisasi.KategoriKlasterTest" assertions="1" time="0.052005"/>
      </testsuite>
      <testsuite name="Tests\Feature\Klasterisasi\KlasterisasiHalamanTest" file="tests\Feature\Klasterisasi\KlasterisasiHalamanTest.php" tests="4" assertions="18" errors="0" failures="0" skipped="0" time="0.377628">
        <testcase name="it menolak akses tanpa izin klasterisasi.lihat" file="tests\Feature\Klasterisasi\KlasterisasiHalamanTest.php::it menolak akses tanpa izin klasterisasi.lihat" class="Tests\Feature\Klasterisasi\KlasterisasiHalamanTest" classname="Tests.Feature.Klasterisasi.KlasterisasiHalamanTest" assertions="1" time="0.059794"/>
        <testcase name="it merender dashboard lengkap dengan hasil eksekusi" file="tests\Feature\Klasterisasi\KlasterisasiHalamanTest.php::it merender dashboard lengkap dengan hasil eksekusi" class="Tests\Feature\Klasterisasi\KlasterisasiHalamanTest" classname="Tests.Feature.Klasterisasi.KlasterisasiHalamanTest" assertions="6" time="0.130674"/>
        <testcase name="it merender halaman detail klaster: centroid + anggota beserta snapshot fitur" file="tests\Feature\Klasterisasi\KlasterisasiHalamanTest.php::it merender halaman detail klaster: centroid + anggota beserta snapshot fitur" class="Tests\Feature\Klasterisasi\KlasterisasiHalamanTest" classname="Tests.Feature.Klasterisasi.KlasterisasiHalamanTest" assertions="7" time="0.103026"/>
        <testcase name="it menampilkan empty state saat belum ada eksekusi" file="tests\Feature\Klasterisasi\KlasterisasiHalamanTest.php::it menampilkan empty state saat belum ada eksekusi" class="Tests\Feature\Klasterisasi\KlasterisasiHalamanTest" classname="Tests.Feature.Klasterisasi.KlasterisasiHalamanTest" assertions="4" time="0.084134"/>
      </testsuite>
      <testsuite name="Tests\Feature\Klasterisasi\KlasterisasiServiceTest" file="tests\Feature\Klasterisasi\KlasterisasiServiceTest.php" tests="6" assertions="33" errors="0" failures="0" skipped="0" time="0.464692">
        <testcase name="it hanya mengikutsertakan mahasiswa aktif dengan minimal 3 catatan IPK" file="tests\Feature\Klasterisasi\KlasterisasiServiceTest.php::it hanya mengikutsertakan mahasiswa aktif dengan minimal 3 catatan IPK" class="Tests\Feature\Klasterisasi\KlasterisasiServiceTest" classname="Tests.Feature.Klasterisasi.KlasterisasiServiceTest" assertions="3" time="0.066245"/>
        <testcase name="it mengirim fitur termetakan ke service dan menyimpan hasil + anggota" file="tests\Feature\Klasterisasi\KlasterisasiServiceTest.php::it mengirim fitur termetakan ke service dan menyimpan hasil + anggota" class="Tests\Feature\Klasterisasi\KlasterisasiServiceTest" classname="Tests.Feature.Klasterisasi.KlasterisasiServiceTest" assertions="12" time="0.135309"/>
        <testcase name="it menyimpan jejak lengkap: profil klaster + snapshot fitur per anggota" file="tests\Feature\Klasterisasi\KlasterisasiServiceTest.php::it menyimpan jejak lengkap: profil klaster + snapshot fitur per anggota" class="Tests\Feature\Klasterisasi\KlasterisasiServiceTest" classname="Tests.Feature.Klasterisasi.KlasterisasiServiceTest" assertions="7" time="0.079974"/>
        <testcase name="it menolak menjalankan bila data layak kurang dari 3" file="tests\Feature\Klasterisasi\KlasterisasiServiceTest.php::it menolak menjalankan bila data layak kurang dari 3" class="Tests\Feature\Klasterisasi\KlasterisasiServiceTest" classname="Tests.Feature.Klasterisasi.KlasterisasiServiceTest" assertions="1" time="0.060559"/>
        <testcase name="it melempar galat ramah saat service menolak (HTTP 422)" file="tests\Feature\Klasterisasi\KlasterisasiServiceTest.php::it melempar galat ramah saat service menolak (HTTP 422)" class="Tests\Feature\Klasterisasi\KlasterisasiServiceTest" classname="Tests.Feature.Klasterisasi.KlasterisasiServiceTest" assertions="2" time="0.062956"/>
        <testcase name="it menghitung kesiapan data terhadap ambang volume" file="tests\Feature\Klasterisasi\KlasterisasiServiceTest.php::it menghitung kesiapan data terhadap ambang volume" class="Tests\Feature\Klasterisasi\KlasterisasiServiceTest" classname="Tests.Feature.Klasterisasi.KlasterisasiServiceTest" assertions="8" time="0.059648"/>
      </testsuite>
      <testsuite name="Tests\Feature\Laporan\LaporanTest" file="tests\Feature\Laporan\LaporanTest.php" tests="6" assertions="30" errors="0" failures="0" skipped="0" time="1.038254">
        <testcase name="it mengagregasi ringkasan &amp; rekap dengan benar" file="tests\Feature\Laporan\LaporanTest.php::it mengagregasi ringkasan &amp; rekap dengan benar" class="Tests\Feature\Laporan\LaporanTest" classname="Tests.Feature.Laporan.LaporanTest" assertions="12" time="0.059022"/>
        <testcase name="it hanya dapat dilihat oleh yang berizin laporan.lihat" file="tests\Feature\Laporan\LaporanTest.php::it hanya dapat dilihat oleh yang berizin laporan.lihat" class="Tests\Feature\Laporan\LaporanTest" classname="Tests.Feature.Laporan.LaporanTest" assertions="5" time="0.137436"/>
        <testcase name="it merekap tracer &amp; prestasi per kategori (selalu 4 kategori)" file="tests\Feature\Laporan\LaporanTest.php::it merekap tracer &amp; prestasi per kategori (selalu 4 kategori)" class="Tests\Feature\Laporan\LaporanTest" classname="Tests.Feature.Laporan.LaporanTest" assertions="7" time="0.071732"/>
        <testcase name="it membatasi ekspor CSV hanya untuk yang berizin laporan.ekspor" file="tests\Feature\Laporan\LaporanTest.php::it membatasi ekspor CSV hanya untuk yang berizin laporan.ekspor" class="Tests\Feature\Laporan\LaporanTest" classname="Tests.Feature.Laporan.LaporanTest" assertions="3" time="0.073594"/>
        <testcase name="it mengekspor laporan PDF bagi yang berizin ekspor" file="tests\Feature\Laporan\LaporanTest.php::it mengekspor laporan PDF bagi yang berizin ekspor" class="Tests\Feature\Laporan\LaporanTest" classname="Tests.Feature.Laporan.LaporanTest" assertions="2" time="0.616952"/>
        <testcase name="it menolak ekspor PDF bagi yang tak berizin ekspor" file="tests\Feature\Laporan\LaporanTest.php::it menolak ekspor PDF bagi yang tak berizin ekspor" class="Tests\Feature\Laporan\LaporanTest" classname="Tests.Feature.Laporan.LaporanTest" assertions="1" time="0.079518"/>
      </testsuite>
      <testsuite name="Tests\Feature\LogAktivitas\LogAktivitasTest" file="tests\Feature\LogAktivitas\LogAktivitasTest.php" tests="3" assertions="6" errors="0" failures="0" skipped="0" time="0.295700">
        <testcase name="it mencatat log saat entitas bisnis dibuat" file="tests\Feature\LogAktivitas\LogAktivitasTest.php::it mencatat log saat entitas bisnis dibuat" class="Tests\Feature\LogAktivitas\LogAktivitasTest" classname="Tests.Feature.LogAktivitas.LogAktivitasTest" assertions="3" time="0.053911"/>
        <testcase name="it mencatat aktivitas masuk" file="tests\Feature\LogAktivitas\LogAktivitasTest.php::it mencatat aktivitas masuk" class="Tests\Feature\LogAktivitas\LogAktivitasTest" classname="Tests.Feature.LogAktivitas.LogAktivitasTest" assertions="1" time="0.046898"/>
        <testcase name="it hanya admin yang dapat membuka log aktivitas" file="tests\Feature\LogAktivitas\LogAktivitasTest.php::it hanya admin yang dapat membuka log aktivitas" class="Tests\Feature\LogAktivitas\LogAktivitasTest" classname="Tests.Feature.LogAktivitas.LogAktivitasTest" assertions="2" time="0.194891"/>
      </testsuite>
      <testsuite name="Tests\Feature\Mahasiswa\DetailModalTest" file="tests\Feature\Mahasiswa\DetailModalTest.php" tests="4" assertions="15" errors="0" failures="0" skipped="0" time="0.743107">
        <testcase name="it menampilkan form tambah IPK di dalam modal (bukan inline) saat dibuka" file="tests\Feature\Mahasiswa\DetailModalTest.php::it menampilkan form tambah IPK di dalam modal (bukan inline) saat dibuka" class="Tests\Feature\Mahasiswa\DetailModalTest" classname="Tests.Feature.Mahasiswa.DetailModalTest" assertions="5" time="0.225608"/>
        <testcase name="it menutup modal mengembalikan modePanel ke tutup" file="tests\Feature\Mahasiswa\DetailModalTest.php::it menutup modal mengembalikan modePanel ke tutup" class="Tests\Feature\Mahasiswa\DetailModalTest" classname="Tests.Feature.Mahasiswa.DetailModalTest" assertions="4" time="0.177297"/>
        <testcase name="it mengubah catatan IPK lewat modal (mode ubah)" file="tests\Feature\Mahasiswa\DetailModalTest.php::it mengubah catatan IPK lewat modal (mode ubah)" class="Tests\Feature\Mahasiswa\DetailModalTest" classname="Tests.Feature.Mahasiswa.DetailModalTest" assertions="5" time="0.209421"/>
        <testcase name="it menghapus catatan IPK" file="tests\Feature\Mahasiswa\DetailModalTest.php::it menghapus catatan IPK" class="Tests\Feature\Mahasiswa\DetailModalTest" classname="Tests.Feature.Mahasiswa.DetailModalTest" assertions="1" time="0.130781"/>
      </testsuite>
      <testsuite name="Tests\Feature\Mahasiswa\IndexTest" file="tests\Feature\Mahasiswa\IndexTest.php" tests="3" assertions="5" errors="0" failures="0" skipped="0" time="0.371480">
        <testcase name="it memfilter mahasiswa berdasarkan jenis kelamin" file="tests\Feature\Mahasiswa\IndexTest.php::it memfilter mahasiswa berdasarkan jenis kelamin" class="Tests\Feature\Mahasiswa\IndexTest" classname="Tests.Feature.Mahasiswa.IndexTest" assertions="2" time="0.124072"/>
        <testcase name="it memfilter mahasiswa berdasarkan rentang IPK rata-rata" file="tests\Feature\Mahasiswa\IndexTest.php::it memfilter mahasiswa berdasarkan rentang IPK rata-rata" class="Tests\Feature\Mahasiswa\IndexTest" classname="Tests.Feature.Mahasiswa.IndexTest" assertions="2" time="0.118774"/>
        <testcase name="it menghapus mahasiswa terpilih secara massal" file="tests\Feature\Mahasiswa\IndexTest.php::it menghapus mahasiswa terpilih secara massal" class="Tests\Feature\Mahasiswa\IndexTest" classname="Tests.Feature.Mahasiswa.IndexTest" assertions="1" time="0.128634"/>
      </testsuite>
      <testsuite name="Tests\Feature\Pengaturan\PengaturanTest" file="tests\Feature\Pengaturan\PengaturanTest.php" tests="6" assertions="14" errors="0" failures="0" skipped="0" time="0.472374">
        <testcase name="it hanya admin yang dapat mengakses pengaturan" file="tests\Feature\Pengaturan\PengaturanTest.php::it hanya admin yang dapat mengakses pengaturan" class="Tests\Feature\Pengaturan\PengaturanTest" classname="Tests.Feature.Pengaturan.PengaturanTest" assertions="2" time="0.113464"/>
        <testcase name="it menyimpan periode akademik &amp; identitas fakultas" file="tests\Feature\Pengaturan\PengaturanTest.php::it menyimpan periode akademik &amp; identitas fakultas" class="Tests\Feature\Pengaturan\PengaturanTest" classname="Tests.Feature.Pengaturan.PengaturanTest" assertions="4" time="0.114712"/>
        <testcase name="it memvalidasi format tahun akademik" file="tests\Feature\Pengaturan\PengaturanTest.php::it memvalidasi format tahun akademik" class="Tests\Feature\Pengaturan\PengaturanTest" classname="Tests.Feature.Pengaturan.PengaturanTest" assertions="3" time="0.089747"/>
        <testcase name="it admin dapat mengunduh backup data JSON" file="tests\Feature\Pengaturan\PengaturanTest.php::it admin dapat mengunduh backup data JSON" class="Tests\Feature\Pengaturan\PengaturanTest" classname="Tests.Feature.Pengaturan.PengaturanTest" assertions="2" time="0.056009"/>
        <testcase name="it non-admin tidak dapat mengunduh backup" file="tests\Feature\Pengaturan\PengaturanTest.php::it non-admin tidak dapat mengunduh backup" class="Tests\Feature\Pengaturan\PengaturanTest" classname="Tests.Feature.Pengaturan.PengaturanTest" assertions="1" time="0.049290"/>
        <testcase name="it helper ambil mengembalikan default bila kunci belum ada" file="tests\Feature\Pengaturan\PengaturanTest.php::it helper ambil mengembalikan default bila kunci belum ada" class="Tests\Feature\Pengaturan\PengaturanTest" classname="Tests.Feature.Pengaturan.PengaturanTest" assertions="2" time="0.049152"/>
      </testsuite>
      <testsuite name="Tests\Feature\Pengguna\PenggunaTest" file="tests\Feature\Pengguna\PenggunaTest.php" tests="6" assertions="23" errors="0" failures="0" skipped="0" time="0.738957">
        <testcase name="it hanya admin yang dapat mengakses rute manajemen pengguna" file="tests\Feature\Pengguna\PenggunaTest.php::it hanya admin yang dapat mengakses rute manajemen pengguna" class="Tests\Feature\Pengguna\PenggunaTest" classname="Tests.Feature.Pengguna.PenggunaTest" assertions="2" time="0.128283"/>
        <testcase name="it menambahkan pengguna baru lewat form modal" file="tests\Feature\Pengguna\PenggunaTest.php::it menambahkan pengguna baru lewat form modal" class="Tests\Feature\Pengguna\PenggunaTest" classname="Tests.Feature.Pengguna.PenggunaTest" assertions="6" time="0.167309"/>
        <testcase name="it memvalidasi field wajib &amp; kata sandi minimal 8 karakter saat menambah" file="tests\Feature\Pengguna\PenggunaTest.php::it memvalidasi field wajib &amp; kata sandi minimal 8 karakter saat menambah" class="Tests\Feature\Pengguna\PenggunaTest" classname="Tests.Feature.Pengguna.PenggunaTest" assertions="7" time="0.151183"/>
        <testcase name="it mengubah pengguna tanpa wajib mengganti kata sandi" file="tests\Feature\Pengguna\PenggunaTest.php::it mengubah pengguna tanpa wajib mengganti kata sandi" class="Tests\Feature\Pengguna\PenggunaTest" classname="Tests.Feature.Pengguna.PenggunaTest" assertions="6" time="0.127545"/>
        <testcase name="it mencegah admin menghapus akunnya sendiri" file="tests\Feature\Pengguna\PenggunaTest.php::it mencegah admin menghapus akunnya sendiri" class="Tests\Feature\Pengguna\PenggunaTest" classname="Tests.Feature.Pengguna.PenggunaTest" assertions="1" time="0.079122"/>
        <testcase name="it menghapus pengguna lain" file="tests\Feature\Pengguna\PenggunaTest.php::it menghapus pengguna lain" class="Tests\Feature\Pengguna\PenggunaTest" classname="Tests.Feature.Pengguna.PenggunaTest" assertions="1" time="0.085516"/>
      </testsuite>
      <testsuite name="Tests\Feature\Penyaringan\EvaluatorKelayakanTest" file="tests\Feature\Penyaringan\EvaluatorKelayakanTest.php" tests="11" assertions="15" errors="0" failures="0" skipped="0" time="0.686097">
        <testcase name="it gte tepat di ambang dianggap lolos (batas operator)" file="tests\Feature\Penyaringan\EvaluatorKelayakanTest.php::it gte tepat di ambang dianggap lolos (batas operator)" class="Tests\Feature\Penyaringan\EvaluatorKelayakanTest" classname="Tests.Feature.Penyaringan.EvaluatorKelayakanTest" assertions="1" time="0.058885"/>
        <testcase name="it gt tepat di ambang dianggap tidak lolos (batas operator)" file="tests\Feature\Penyaringan\EvaluatorKelayakanTest.php::it gt tepat di ambang dianggap tidak lolos (batas operator)" class="Tests\Feature\Penyaringan\EvaluatorKelayakanTest" classname="Tests.Feature.Penyaringan.EvaluatorKelayakanTest" assertions="1" time="0.057649"/>
        <testcase name="it operator in mengevaluasi keanggotaan himpunan" file="tests\Feature\Penyaringan\EvaluatorKelayakanTest.php::it operator in mengevaluasi keanggotaan himpunan" class="Tests\Feature\Penyaringan\EvaluatorKelayakanTest" classname="Tests.Feature.Penyaringan.EvaluatorKelayakanTest" assertions="2" time="0.068308"/>
        <testcase name="it kriteria jumlah prestasi minimal tingkat menghitung tingkat &gt;= target" file="tests\Feature\Penyaringan\EvaluatorKelayakanTest.php::it kriteria jumlah prestasi minimal tingkat menghitung tingkat &gt;= target" class="Tests\Feature\Penyaringan\EvaluatorKelayakanTest" classname="Tests.Feature.Penyaringan.EvaluatorKelayakanTest" assertions="1" time="0.060175"/>
        <testcase name="it prestasi di bawah tingkat target tidak dihitung" file="tests\Feature\Penyaringan\EvaluatorKelayakanTest.php::it prestasi di bawah tingkat target tidak dihitung" class="Tests\Feature\Penyaringan\EvaluatorKelayakanTest" classname="Tests.Feature.Penyaringan.EvaluatorKelayakanTest" assertions="1" time="0.057186"/>
        <testcase name="it mahasiswa belum diklaster: kriteria label klaster tidak lolos dengan keterangan" file="tests\Feature\Penyaringan\EvaluatorKelayakanTest.php::it mahasiswa belum diklaster: kriteria label klaster tidak lolos dengan keterangan" class="Tests\Feature\Penyaringan\EvaluatorKelayakanTest" classname="Tests.Feature.Penyaringan.EvaluatorKelayakanTest" assertions="2" time="0.061347"/>
        <testcase name="it data IPK terakhir kosong ditandai belum tersedia, tidak lolos" file="tests\Feature\Penyaringan\EvaluatorKelayakanTest.php::it data IPK terakhir kosong ditandai belum tersedia, tidak lolos" class="Tests\Feature\Penyaringan\EvaluatorKelayakanTest" classname="Tests.Feature.Penyaringan.EvaluatorKelayakanTest" assertions="2" time="0.051501"/>
        <testcase name="it kelayakan adalah AND seluruh syarat wajib" file="tests\Feature\Penyaringan\EvaluatorKelayakanTest.php::it kelayakan adalah AND seluruh syarat wajib" class="Tests\Feature\Penyaringan\EvaluatorKelayakanTest" classname="Tests.Feature.Penyaringan.EvaluatorKelayakanTest" assertions="1" time="0.060010"/>
        <testcase name="it syarat opsional tidak memengaruhi kelayakan" file="tests\Feature\Penyaringan\EvaluatorKelayakanTest.php::it syarat opsional tidak memengaruhi kelayakan" class="Tests\Feature\Penyaringan\EvaluatorKelayakanTest" classname="Tests.Feature.Penyaringan.EvaluatorKelayakanTest" assertions="1" time="0.090339"/>
        <testcase name="it program tanpa syarat wajib menganggap semua mahasiswa layak" file="tests\Feature\Penyaringan\EvaluatorKelayakanTest.php::it program tanpa syarat wajib menganggap semua mahasiswa layak" class="Tests\Feature\Penyaringan\EvaluatorKelayakanTest" classname="Tests.Feature.Penyaringan.EvaluatorKelayakanTest" assertions="1" time="0.060001"/>
        <testcase name="it kandidatQuery mempersempit lewat WHERE untuk field query-able" file="tests\Feature\Penyaringan\EvaluatorKelayakanTest.php::it kandidatQuery mempersempit lewat WHERE untuk field query-able" class="Tests\Feature\Penyaringan\EvaluatorKelayakanTest" classname="Tests.Feature.Penyaringan.EvaluatorKelayakanTest" assertions="2" time="0.060697"/>
      </testsuite>
      <testsuite name="Tests\Feature\Penyaringan\PenyaringanHalamanTest" file="tests\Feature\Penyaringan\PenyaringanHalamanTest.php" tests="7" assertions="12" errors="0" failures="0" skipped="0" time="0.647287">
        <testcase name="it menolak akses penyaringan bagi staf_prodi" file="tests\Feature\Penyaringan\PenyaringanHalamanTest.php::it menolak akses penyaringan bagi staf_prodi" class="Tests\Feature\Penyaringan\PenyaringanHalamanTest" classname="Tests.Feature.Penyaringan.PenyaringanHalamanTest" assertions="1" time="0.068988"/>
        <testcase name="it menampilkan hanya mahasiswa yang memenuhi saat mode audit dimatikan" file="tests\Feature\Penyaringan\PenyaringanHalamanTest.php::it menampilkan hanya mahasiswa yang memenuhi saat mode audit dimatikan" class="Tests\Feature\Penyaringan\PenyaringanHalamanTest" classname="Tests.Feature.Penyaringan.PenyaringanHalamanTest" assertions="3" time="0.157087"/>
        <testcase name="it mode audit aktif secara bawaan" file="tests\Feature\Penyaringan\PenyaringanHalamanTest.php::it mode audit aktif secara bawaan" class="Tests\Feature\Penyaringan\PenyaringanHalamanTest" classname="Tests.Feature.Penyaringan.PenyaringanHalamanTest" assertions="1" time="0.082657"/>
        <testcase name="it audit menyembunyikan yang tidak memenuhi satu pun syarat wajib" file="tests\Feature\Penyaringan\PenyaringanHalamanTest.php::it audit menyembunyikan yang tidak memenuhi satu pun syarat wajib" class="Tests\Feature\Penyaringan\PenyaringanHalamanTest" classname="Tests.Feature.Penyaringan.PenyaringanHalamanTest" assertions="2" time="0.140438"/>
        <testcase name="it ekspor CSV ditolak bagi staf_prodi" file="tests\Feature\Penyaringan\PenyaringanHalamanTest.php::it ekspor CSV ditolak bagi staf_prodi" class="Tests\Feature\Penyaringan\PenyaringanHalamanTest" classname="Tests.Feature.Penyaringan.PenyaringanHalamanTest" assertions="1" time="0.059542"/>
        <testcase name="it ekspor CSV berhasil bagi wd3" file="tests\Feature\Penyaringan\PenyaringanHalamanTest.php::it ekspor CSV berhasil bagi wd3" class="Tests\Feature\Penyaringan\PenyaringanHalamanTest" classname="Tests.Feature.Penyaringan.PenyaringanHalamanTest" assertions="2" time="0.068522"/>
        <testcase name="it ekspor CSV memuat label klaster asli dari eksekusi terbaru" file="tests\Feature\Penyaringan\PenyaringanHalamanTest.php::it ekspor CSV memuat label klaster asli dari eksekusi terbaru" class="Tests\Feature\Penyaringan\PenyaringanHalamanTest" classname="Tests.Feature.Penyaringan.PenyaringanHalamanTest" assertions="2" time="0.070052"/>
      </testsuite>
      <testsuite name="Tests\Feature\Penyaringan\ProgramTest" file="tests\Feature\Penyaringan\ProgramTest.php" tests="5" assertions="15" errors="0" failures="0" skipped="0" time="0.604498">
        <testcase name="it menolak akses CRUD program bagi peran tanpa izin (staf_prodi)" file="tests\Feature\Penyaringan\ProgramTest.php::it menolak akses CRUD program bagi peran tanpa izin (staf_prodi)" class="Tests\Feature\Penyaringan\ProgramTest" classname="Tests.Feature.Penyaringan.ProgramTest" assertions="1" time="0.066043"/>
        <testcase name="it mengizinkan wd3 membuka daftar program" file="tests\Feature\Penyaringan\ProgramTest.php::it mengizinkan wd3 membuka daftar program" class="Tests\Feature\Penyaringan\ProgramTest" classname="Tests.Feature.Penyaringan.ProgramTest" assertions="1" time="0.114402"/>
        <testcase name="it wd3 dapat membuat program beserta syarat" file="tests\Feature\Penyaringan\ProgramTest.php::it wd3 dapat membuat program beserta syarat" class="Tests\Feature\Penyaringan\ProgramTest" classname="Tests.Feature.Penyaringan.ProgramTest" assertions="6" time="0.171466"/>
        <testcase name="it menolak kombinasi field-operator yang tidak valid" file="tests\Feature\Penyaringan\ProgramTest.php::it menolak kombinasi field-operator yang tidak valid" class="Tests\Feature\Penyaringan\ProgramTest" classname="Tests.Feature.Penyaringan.ProgramTest" assertions="4" time="0.122555"/>
        <testcase name="it membangun label &amp; menyimpan nilai JSON untuk operator in" file="tests\Feature\Penyaringan\ProgramTest.php::it membangun label &amp; menyimpan nilai JSON untuk operator in" class="Tests\Feature\Penyaringan\ProgramTest" classname="Tests.Feature.Penyaringan.ProgramTest" assertions="3" time="0.130032"/>
      </testsuite>
      <testsuite name="Tests\Feature\Prestasi\PrestasiTest" file="tests\Feature\Prestasi\PrestasiTest.php" tests="6" assertions="26" errors="0" failures="0" skipped="0" time="0.926173">
        <testcase name="it menampilkan tombol kelola hanya untuk yang berizin prestasi.kelola" file="tests\Feature\Prestasi\PrestasiTest.php::it menampilkan tombol kelola hanya untuk yang berizin prestasi.kelola" class="Tests\Feature\Prestasi\PrestasiTest" classname="Tests.Feature.Prestasi.PrestasiTest" assertions="4" time="0.116059"/>
        <testcase name="it menolak aksi kelola dari pengguna yang hanya berizin lihat" file="tests\Feature\Prestasi\PrestasiTest.php::it menolak aksi kelola dari pengguna yang hanya berizin lihat" class="Tests\Feature\Prestasi\PrestasiTest" classname="Tests.Feature.Prestasi.PrestasiTest" assertions="1" time="0.087935"/>
        <testcase name="it menambahkan prestasi lewat form modal" file="tests\Feature\Prestasi\PrestasiTest.php::it menambahkan prestasi lewat form modal" class="Tests\Feature\Prestasi\PrestasiTest" classname="Tests.Feature.Prestasi.PrestasiTest" assertions="6" time="0.177575"/>
        <testcase name="it mengunggah berkas bukti saat menambah prestasi" file="tests\Feature\Prestasi\PrestasiTest.php::it mengunggah berkas bukti saat menambah prestasi" class="Tests\Feature\Prestasi\PrestasiTest" classname="Tests.Feature.Prestasi.PrestasiTest" assertions="3" time="0.247763"/>
        <testcase name="it memvalidasi field wajib saat menambah prestasi" file="tests\Feature\Prestasi\PrestasiTest.php::it memvalidasi field wajib saat menambah prestasi" class="Tests\Feature\Prestasi\PrestasiTest" classname="Tests.Feature.Prestasi.PrestasiTest" assertions="7" time="0.146889"/>
        <testcase name="it mengubah dan menghapus prestasi" file="tests\Feature\Prestasi\PrestasiTest.php::it mengubah dan menghapus prestasi" class="Tests\Feature\Prestasi\PrestasiTest" classname="Tests.Feature.Prestasi.PrestasiTest" assertions="5" time="0.149952"/>
      </testsuite>
      <testsuite name="Tests\Feature\Profil\ProfilTest" file="tests\Feature\Profil\ProfilTest.php" tests="4" assertions="12" errors="0" failures="0" skipped="0" time="0.425993">
        <testcase name="it memperbarui nama &amp; email profil sendiri" file="tests\Feature\Profil\ProfilTest.php::it memperbarui nama &amp; email profil sendiri" class="Tests\Feature\Profil\ProfilTest" classname="Tests.Feature.Profil.ProfilTest" assertions="3" time="0.117084"/>
        <testcase name="it mengubah kata sandi dengan kata sandi lama yang benar" file="tests\Feature\Profil\ProfilTest.php::it mengubah kata sandi dengan kata sandi lama yang benar" class="Tests\Feature\Profil\ProfilTest" classname="Tests.Feature.Profil.ProfilTest" assertions="2" time="0.117056"/>
        <testcase name="it menolak ubah kata sandi bila kata sandi lama salah" file="tests\Feature\Profil\ProfilTest.php::it menolak ubah kata sandi bila kata sandi lama salah" class="Tests\Feature\Profil\ProfilTest" classname="Tests.Feature.Profil.ProfilTest" assertions="4" time="0.100744"/>
        <testcase name="it menolak ubah kata sandi bila konfirmasi tidak cocok" file="tests\Feature\Profil\ProfilTest.php::it menolak ubah kata sandi bila konfirmasi tidak cocok" class="Tests\Feature\Profil\ProfilTest" classname="Tests.Feature.Profil.ProfilTest" assertions="3" time="0.091111"/>
      </testsuite>
      <testsuite name="Tests\Feature\Promosi\PromosiTest" file="tests\Feature\Promosi\PromosiTest.php" tests="5" assertions="18" errors="0" failures="0" skipped="0" time="0.571747">
        <testcase name="it menolak akses tanpa izin promosi.lihat" file="tests\Feature\Promosi\PromosiTest.php::it menolak akses tanpa izin promosi.lihat" class="Tests\Feature\Promosi\PromosiTest" classname="Tests.Feature.Promosi.PromosiTest" assertions="1" time="0.064099"/>
        <testcase name="it menampilkan tombol kelola hanya untuk yang berizin promosi.kelola" file="tests\Feature\Promosi\PromosiTest.php::it menampilkan tombol kelola hanya untuk yang berizin promosi.kelola" class="Tests\Feature\Promosi\PromosiTest" classname="Tests.Feature.Promosi.PromosiTest" assertions="4" time="0.103230"/>
        <testcase name="it menambahkan kegiatan promosi lewat form modal" file="tests\Feature\Promosi\PromosiTest.php::it menambahkan kegiatan promosi lewat form modal" class="Tests\Feature\Promosi\PromosiTest" classname="Tests.Feature.Promosi.PromosiTest" assertions="5" time="0.153710"/>
        <testcase name="it memvalidasi field wajib saat menambah kegiatan" file="tests\Feature\Promosi\PromosiTest.php::it memvalidasi field wajib saat menambah kegiatan" class="Tests\Feature\Promosi\PromosiTest" classname="Tests.Feature.Promosi.PromosiTest" assertions="5" time="0.110273"/>
        <testcase name="it mengubah dan menghapus kegiatan promosi" file="tests\Feature\Promosi\PromosiTest.php::it mengubah dan menghapus kegiatan promosi" class="Tests\Feature\Promosi\PromosiTest" classname="Tests.Feature.Promosi.PromosiTest" assertions="3" time="0.140437"/>
      </testsuite>
      <testsuite name="Tests\Feature\Promosi\SekolahTest" file="tests\Feature\Promosi\SekolahTest.php" tests="3" assertions="10" errors="0" failures="0" skipped="0" time="0.356749">
        <testcase name="it menolak akses master sekolah tanpa izin promosi.lihat" file="tests\Feature\Promosi\SekolahTest.php::it menolak akses master sekolah tanpa izin promosi.lihat" class="Tests\Feature\Promosi\SekolahTest" classname="Tests.Feature.Promosi.SekolahTest" assertions="1" time="0.065553"/>
        <testcase name="it menampilkan tombol kelola hanya bagi yang berizin promosi.kelola" file="tests\Feature\Promosi\SekolahTest.php::it menampilkan tombol kelola hanya bagi yang berizin promosi.kelola" class="Tests\Feature\Promosi\SekolahTest" classname="Tests.Feature.Promosi.SekolahTest" assertions="4" time="0.098211"/>
        <testcase name="it menambahkan, mengubah, dan menghapus sekolah" file="tests\Feature\Promosi\SekolahTest.php::it menambahkan, mengubah, dan menghapus sekolah" class="Tests\Feature\Promosi\SekolahTest" classname="Tests.Feature.Promosi.SekolahTest" assertions="5" time="0.192985"/>
      </testsuite>
      <testsuite name="Tests\Feature\Rbac\PeranTest" file="tests\Feature\Rbac\PeranTest.php" tests="6" assertions="17" errors="0" failures="0" skipped="0" time="0.347673">
        <testcase name="it memberi admin akses penuh lewat wildcard" file="tests\Feature\Rbac\PeranTest.php::it memberi admin akses penuh lewat wildcard" class="Tests\Feature\Rbac\PeranTest" classname="Tests.Feature.Rbac.PeranTest" assertions="3" time="0.059928"/>
        <testcase name="it membatasi izin Staf WD III sesuai konfigurasi" file="tests\Feature\Rbac\PeranTest.php::it membatasi izin Staf WD III sesuai konfigurasi" class="Tests\Feature\Rbac\PeranTest" classname="Tests.Feature.Rbac.PeranTest" assertions="4" time="0.045957"/>
        <testcase name="it membatasi izin Staf Prodi sesuai konfigurasi" file="tests\Feature\Rbac\PeranTest.php::it membatasi izin Staf Prodi sesuai konfigurasi" class="Tests\Feature\Rbac\PeranTest" classname="Tests.Feature.Rbac.PeranTest" assertions="4" time="0.044767"/>
        <testcase name="it mengaktifkan Gate Laravel untuk Staf WD III dan menolak kaprodi" file="tests\Feature\Rbac\PeranTest.php::it mengaktifkan Gate Laravel untuk Staf WD III dan menolak kaprodi" class="Tests\Feature\Rbac\PeranTest" classname="Tests.Feature.Rbac.PeranTest" assertions="3" time="0.048276"/>
        <testcase name="it middleware peran menolak non-admin pada rute admin (pengguna)" file="tests\Feature\Rbac\PeranTest.php::it middleware peran menolak non-admin pada rute admin (pengguna)" class="Tests\Feature\Rbac\PeranTest" classname="Tests.Feature.Rbac.PeranTest" assertions="2" time="0.067292"/>
        <testcase name="it middleware peran mengizinkan admin pada rute admin (pengguna)" file="tests\Feature\Rbac\PeranTest.php::it middleware peran mengizinkan admin pada rute admin (pengguna)" class="Tests\Feature\Rbac\PeranTest" classname="Tests.Feature.Rbac.PeranTest" assertions="1" time="0.081453"/>
      </testsuite>
      <testsuite name="Tests\Feature\Sistem\DataTest" file="tests\Feature\Sistem\DataTest.php" tests="4" assertions="8" errors="0" failures="0" skipped="0" time="0.343436">
        <testcase name="it D-01: IPK di luar rentang 0–4 ditolak (aturan validasi impor)" file="tests\Feature\Sistem\DataTest.php::it D-01: IPK di luar rentang 0–4 ditolak (aturan validasi impor)" class="Tests\Feature\Sistem\DataTest" classname="Tests.Feature.Sistem.DataTest" assertions="3" time="0.045878"/>
        <testcase name="it D-02: NPM ganda ditolak" file="tests\Feature\Sistem\DataTest.php::it D-02: NPM ganda ditolak" class="Tests\Feature\Sistem\DataTest" classname="Tests.Feature.Sistem.DataTest" assertions="3" time="0.169059"/>
        <testcase name="it D-03: hapus mahasiswa membersihkan riwayat IPK terkait (integritas relasi)" file="tests\Feature\Sistem\DataTest.php::it D-03: hapus mahasiswa membersihkan riwayat IPK terkait (integritas relasi)" class="Tests\Feature\Sistem\DataTest" classname="Tests.Feature.Sistem.DataTest" assertions="1" time="0.065199"/>
        <testcase name="it D-04: eksekusi klasterisasi ditolak bila mahasiswa layak &lt; 3" file="tests\Feature\Sistem\DataTest.php::it D-04: eksekusi klasterisasi ditolak bila mahasiswa layak &lt; 3" class="Tests\Feature\Sistem\DataTest" classname="Tests.Feature.Sistem.DataTest" assertions="1" time="0.063300"/>
      </testsuite>
      <testsuite name="Tests\Feature\Sistem\FungsionalTest" file="tests\Feature\Sistem\FungsionalTest.php" tests="6" assertions="21" errors="0" failures="0" skipped="0" time="0.800470">
        <testcase name="it KF-01: login valid berhasil; login salah ditolak" file="tests\Feature\Sistem\FungsionalTest.php::it KF-01: login valid berhasil; login salah ditolak" class="Tests\Feature\Sistem\FungsionalTest" classname="Tests.Feature.Sistem.FungsionalTest" assertions="7" time="0.273863"/>
        <testcase name="it KF-02: akses menu sesuai peran" file="tests\Feature\Sistem\FungsionalTest.php::it KF-02: akses menu sesuai peran" class="Tests\Feature\Sistem\FungsionalTest" classname="Tests.Feature.Sistem.FungsionalTest" assertions="3" time="0.141048"/>
        <testcase name="it KF-03: tambah data mahasiswa (CRUD)" file="tests\Feature\Sistem\FungsionalTest.php::it KF-03: tambah data mahasiswa (CRUD)" class="Tests\Feature\Sistem\FungsionalTest" classname="Tests.Feature.Sistem.FungsionalTest" assertions="4" time="0.139407"/>
        <testcase name="it KF-05: klasterisasi dijalankan dengan data layak → hasil tersimpan" file="tests\Feature\Sistem\FungsionalTest.php::it KF-05: klasterisasi dijalankan dengan data layak → hasil tersimpan" class="Tests\Feature\Sistem\FungsionalTest" classname="Tests.Feature.Sistem.FungsionalTest" assertions="3" time="0.071769"/>
        <testcase name="it KF-07: dashboard WD III tampil" file="tests\Feature\Sistem\FungsionalTest.php::it KF-07: dashboard WD III tampil" class="Tests\Feature\Sistem\FungsionalTest" classname="Tests.Feature.Sistem.FungsionalTest" assertions="2" time="0.103835"/>
        <testcase name="it KF-08: unduh laporan (CSV) untuk peran berizin" file="tests\Feature\Sistem\FungsionalTest.php::it KF-08: unduh laporan (CSV) untuk peran berizin" class="Tests\Feature\Sistem\FungsionalTest" classname="Tests.Feature.Sistem.FungsionalTest" assertions="2" time="0.070547"/>
      </testsuite>
      <testsuite name="Tests\Feature\Sistem\KeamananTest" file="tests\Feature\Sistem\KeamananTest.php" tests="5" assertions="12" errors="0" failures="0" skipped="0" time="0.350976">
        <testcase name="it S-01: akses tanpa login dialihkan ke halaman login" file="tests\Feature\Sistem\KeamananTest.php::it S-01: akses tanpa login dialihkan ke halaman login" class="Tests\Feature\Sistem\KeamananTest" classname="Tests.Feature.Sistem.KeamananTest" assertions="4" time="0.055781"/>
        <testcase name="it S-02: akses lintas peran ditolak (403)" file="tests\Feature\Sistem\KeamananTest.php::it S-02: akses lintas peran ditolak (403)" class="Tests\Feature\Sistem\KeamananTest" classname="Tests.Feature.Sistem.KeamananTest" assertions="2" time="0.063353"/>
        <testcase name="it S-03: payload XSS tidak tereksekusi (di-escape saat render)" file="tests\Feature\Sistem\KeamananTest.php::it S-03: payload XSS tidak tereksekusi (di-escape saat render)" class="Tests\Feature\Sistem\KeamananTest" classname="Tests.Feature.Sistem.KeamananTest" assertions="2" time="0.084568"/>
        <testcase name="it S-03: payload SQLi pada pencarian tidak merusak kueri" file="tests\Feature\Sistem\KeamananTest.php::it S-03: payload SQLi pada pencarian tidak merusak kueri" class="Tests\Feature\Sistem\KeamananTest" classname="Tests.Feature.Sistem.KeamananTest" assertions="1" time="0.096599"/>
        <testcase name="it S-04: kata sandi disimpan sebagai hash, bukan teks polos" file="tests\Feature\Sistem\KeamananTest.php::it S-04: kata sandi disimpan sebagai hash, bukan teks polos" class="Tests\Feature\Sistem\KeamananTest" classname="Tests.Feature.Sistem.KeamananTest" assertions="3" time="0.050675"/>
      </testsuite>
      <testsuite name="Tests\Feature\Skkm\SkorTest" file="tests\Feature\Skkm\SkorTest.php" tests="1" assertions="8" errors="0" failures="0" skipped="0" time="0.058546">
        <testcase name="it menyertakan 7 fitur (termasuk skor SKKM) pada vektor fitur klasterisasi" file="tests\Feature\Skkm\SkorTest.php::it menyertakan 7 fitur (termasuk skor SKKM) pada vektor fitur klasterisasi" class="Tests\Feature\Skkm\SkorTest" classname="Tests.Feature.Skkm.SkorTest" assertions="8" time="0.058546"/>
      </testsuite>
      <testsuite name="Tests\Feature\Tracer\TracerTest" file="tests\Feature\Tracer\TracerTest.php" tests="6" assertions="22" errors="0" failures="0" skipped="0" time="0.777004">
        <testcase name="it menolak akses tanpa izin tracer.lihat" file="tests\Feature\Tracer\TracerTest.php::it menolak akses tanpa izin tracer.lihat" class="Tests\Feature\Tracer\TracerTest" classname="Tests.Feature.Tracer.TracerTest" assertions="1" time="0.072878"/>
        <testcase name="it menampilkan tombol kelola hanya untuk yang berizin tracer.kelola" file="tests\Feature\Tracer\TracerTest.php::it menampilkan tombol kelola hanya untuk yang berizin tracer.kelola" class="Tests\Feature\Tracer\TracerTest" classname="Tests.Feature.Tracer.TracerTest" assertions="4" time="0.114903"/>
        <testcase name="it menolak aksi kelola dari pengguna yang hanya berizin lihat" file="tests\Feature\Tracer\TracerTest.php::it menolak aksi kelola dari pengguna yang hanya berizin lihat" class="Tests\Feature\Tracer\TracerTest" classname="Tests.Feature.Tracer.TracerTest" assertions="1" time="0.091026"/>
        <testcase name="it menambahkan data tracer lewat form modal" file="tests\Feature\Tracer\TracerTest.php::it menambahkan data tracer lewat form modal" class="Tests\Feature\Tracer\TracerTest" classname="Tests.Feature.Tracer.TracerTest" assertions="6" time="0.185141"/>
        <testcase name="it memvalidasi field wajib saat menambah tracer" file="tests\Feature\Tracer\TracerTest.php::it memvalidasi field wajib saat menambah tracer" class="Tests\Feature\Tracer\TracerTest" classname="Tests.Feature.Tracer.TracerTest" assertions="7" time="0.148727"/>
        <testcase name="it mengubah dan menghapus data tracer" file="tests\Feature\Tracer\TracerTest.php::it mengubah dan menghapus data tracer" class="Tests\Feature\Tracer\TracerTest" classname="Tests.Feature.Tracer.TracerTest" assertions="3" time="0.164329"/>
      </testsuite>
    </testsuite>
    <testsuite name="Integration" tests="5" assertions="12" errors="0" failures="0" skipped="0" time="0.481919">
      <testsuite name="Tests\Integration\KlasterisasiIntegrasiTest" file="tests\Integration\KlasterisasiIntegrasiTest.php" tests="5" assertions="12" errors="0" failures="0" skipped="0" time="0.481919">
        <testcase name="it I-01: sehat() true saat service hidup" file="tests\Integration\KlasterisasiIntegrasiTest.php::it I-01: sehat() true saat service hidup" class="Tests\Integration\KlasterisasiIntegrasiTest" classname="Tests.Integration.KlasterisasiIntegrasiTest" assertions="1" time="0.048971"/>
        <testcase name="it I-01: sehat() false saat service mati" file="tests\Integration\KlasterisasiIntegrasiTest.php::it I-01: sehat() false saat service mati" class="Tests\Integration\KlasterisasiIntegrasiTest" classname="Tests.Integration.KlasterisasiIntegrasiTest" assertions="1" time="0.048846"/>
        <testcase name="it I-01: service mati ditangani sebagai pesan ramah, bukan error 500" file="tests\Integration\KlasterisasiIntegrasiTest.php::it I-01: service mati ditangani sebagai pesan ramah, bukan error 500" class="Tests\Integration\KlasterisasiIntegrasiTest" classname="Tests.Integration.KlasterisasiIntegrasiTest" assertions="3" time="0.137340"/>
        <testcase name="it I-02: data emas dikirim ke service &amp; partisi hasil dipetakan ke DB" file="tests\Integration\KlasterisasiIntegrasiTest.php::it I-02: data emas dikirim ke service &amp; partisi hasil dipetakan ke DB" class="Tests\Integration\KlasterisasiIntegrasiTest" classname="Tests.Integration.KlasterisasiIntegrasiTest" assertions="2" time="0.122541"/>
        <testcase name="it I-04: snapshot &amp; metrik tersimpan; riwayat stabil meski IPK berubah" file="tests\Integration\KlasterisasiIntegrasiTest.php::it I-04: snapshot &amp; metrik tersimpan; riwayat stabil meski IPK berubah" class="Tests\Integration\KlasterisasiIntegrasiTest" classname="Tests.Integration.KlasterisasiIntegrasiTest" assertions="5" time="0.124222"/>
      </testsuite>
    </testsuite>
  </testsuite>
</testsuites>
