<?xml version="1.0" encoding="utf-8"?><testsuites name="pytest tests"><testsuite name="pytest" errors="0" failures="0" skipped="0" tests="15" time="18.799" timestamp="2026-07-27T14:12:23.528540+07:00" hostname="Bagaskara-Wisnu-Gunawan"><testcase classname="tests.test_integrasi_tahap" name="test_i03_preprocess_mempertahankan_9_baris" time="0.004" /><testcase classname="tests.test_integrasi_tahap" name="test_i03_scaler_menghasilkan_mean0_std1" time="0.004" /><testcase classname="tests.test_integrasi_tahap" name="test_i03_tabel_evaluasi_k_tersedia_dan_valid" time="2.338" /><testcase classname="tests.test_jaccard" name="test_jaccard_klaster_stabil" time="5.966" /><testcase classname="tests.test_jaccard" name="test_jaccard_deterministik_dengan_seed" time="6.126" /><testcase classname="tests.test_jarak" name="test_u03_euclidean_konsisten_dengan_transform" time="0.077" /><testcase classname="tests.test_jarak" name="test_u03_setiap_titik_terdekat_ke_centroid_sendiri" time="0.074" /><testcase classname="tests.test_kruskal" name="test_kruskal_ipk_signifikan" time="0.079" /><testcase classname="tests.test_metrik" name="test_silhouette_dbi_wajar_k3_kohesif" time="0.325" /><testcase classname="tests.test_metrik" name="test_evaluate_mengembalikan_metrik_lengkap" time="0.070" /><testcase classname="tests.test_pipeline" name="test_pipeline_partisi_sesuai_emas" time="0.567" /><testcase classname="tests.test_pipeline" name="test_pipeline_elbow_memilih_k3" time="0.469" /><testcase classname="tests.test_pipeline" name="test_pipeline_deterministik" time="1.095" /><testcase classname="tests.test_scaler" name="test_u02_scaler_mean_std_ddof0" time="0.011" /><testcase classname="tests.test_scaler" name="test_u02_matriks_standardisasi" time="0.011" /></testsuite></testsuites>