Cakupan kode (coverage) service klasterisasi — pytest --cov=pipeline
Python 3.14, pytest 9.1. 15 uji lulus.

Name                              Stmts   Miss  Cover   Missing
---------------------------------------------------------------
pipeline/__init__.py                  8      0   100%
pipeline/evaluate.py                 12      0   100%
pipeline/feature_engineering.py      34      6    82%   77, 93-97, 111, 114
pipeline/interpret.py                44      1    98%   149
pipeline/orchestrator.py             34      2    94%   82-83
pipeline/pelabelan.py                51      3    94%   67, 150, 157
pipeline/preprocess.py               28      4    86%   50, 60, 88, 97
pipeline/train.py                    46      7    85%   48, 50, 97, 104, 114, 126, 145
pipeline/validasi.py                 73     11    85%   45-47, 124, 191, 196, 202, 208-211, 215-217
---------------------------------------------------------------
TOTAL                               330     34    90%
